{"traceEvents":[
{"cat":"run","name":"scalac-49","ph":"B","pid":"50798-00064","tid":"00064","ts":34072659199}
,{"cat":"completion","name":"↯","ph":"B","pid":"50798-00064","tid":"00064","ts":34072665620,"cname":"thread_state_sleeping"}
,{"cat":"file","name":"","ph":"B","pid":"50798-00064","tid":"00064","ts":34072665622}
,{"cat":"completion","name":"<root>","ph":"B","pid":"50798-00064","tid":"00064","ts":34072665624}
,{"cat":"completion","name":"<root>","ph":"E","pid":"50798-00064","tid":"00064","ts":34072665856}
,{"cat":"file","name":"","ph":"E","pid":"50798-00064","tid":"00064","ts":34072665857}
,{"cat":"completion","name":"↯","ph":"E","pid":"50798-00064","tid":"00064","ts":34072665858,"cname":"thread_state_sleeping"}
,{"cat":"completion","name":"↯","ph":"B","pid":"50798-00064","tid":"00064","ts":34072665873,"cname":"thread_state_sleeping"}
,{"cat":"file","name":"","ph":"B","pid":"50798-00064","tid":"00064","ts":34072665874}
,{"cat":"completion","name":"java","ph":"B","pid":"50798-00064","tid":"00064","ts":34072665876}
,{"cat":"completion","name":"java","ph":"E","pid":"50798-00064","tid":"00064","ts":34072665921}
,{"cat":"file","name":"","ph":"E","pid":"50798-00064","tid":"00064","ts":34072665922}
,{"cat":"completion","name":"↯","ph":"E","pid":"50798-00064","tid":"00064","ts":34072665923,"cname":"thread_state_sleeping"}
,{"cat":"completion","name":"↯","ph":"B","pid":"50798-00064","tid":"00064","ts":34072665927,"cname":"thread_state_sleeping"}
,{"cat":"file","name":"","ph":"B","pid":"50798-00064","tid":"00064","ts":34072665928}
,{"cat":"completion","name":"java/lang","ph":"B","pid":"50798-00064","tid":"00064","ts":34072665930}
,{"cat":"completion","name":"java/lang","ph":"E","pid":"50798-00064","tid":"00064","ts":34072666259}
,{"cat":"file","name":"","ph":"E","pid":"50798-00064","tid":"00064","ts":34072666260}
,{"cat":"completion","name":"↯","ph":"E","pid":"50798-00064","tid":"00064","ts":34072666261,"cname":"thread_state_sleeping"}
,{"cat":"completion","name":"↯","ph":"B","pid":"50798-00064","tid":"00064","ts":34072666265,"cname":"thread_state_sleeping"}
,{"cat":"file","name":"Object.class","ph":"B","pid":"50798-00064","tid":"00064","ts":34072666267}
,{"cat":"completion","name":"java/lang/Object","ph":"B","pid":"50798-00064","tid":"00064","ts":34072666269}
,{"cat":"completion","name":"↯","ph":"B","pid":"50798-00064","tid":"00064","ts":34072666324,"cname":"thread_state_sleeping"}
,{"cat":"file","name":"","ph":"B","pid":"50798-00064","tid":"00064","ts":34072666325}
,{"cat":"completion","name":"scala","ph":"B","pid":"50798-00064","tid":"00064","ts":34072666327}
,{"cat":"completion","name":"↯","ph":"B","pid":"50798-00064","tid":"00064","ts":34072666860,"cname":"thread_state_sleeping"}
,{"cat":"file","name":"package.class","ph":"B","pid":"50798-00064","tid":"00064","ts":34072666861}
,{"cat":"completion","name":"scala/package$","ph":"B","pid":"50798-00064","tid":"00064","ts":34072666863}
,{"cat":"completion","name":"↯","ph":"B","pid":"50798-00064","tid":"00064","ts":34072666959,"cname":"thread_state_sleeping"}
,{"cat":"file","name":"","ph":"B","pid":"50798-00064","tid":"00064","ts":34072666960}
,{"cat":"completion","name":"scala/reflect","ph":"B","pid":"50798-00064","tid":"00064","ts":34072666962}
,{"cat":"completion","name":"↯","ph":"B","pid":"50798-00064","tid":"00064","ts":34072667058,"cname":"thread_state_sleeping"}
,{"cat":"file","name":"package.class","ph":"B","pid":"50798-00064","tid":"00064","ts":34072667059}
,{"cat":"completion","name":"scala/reflect/package$","ph":"B","pid":"50798-00064","tid":"00064","ts":34072667061}
,{"cat":"completion","name":"↯","ph":"B","pid":"50798-00064","tid":"00064","ts":34072667163,"cname":"thread_state_sleeping"}
,{"cat":"file","name":"","ph":"B","pid":"50798-00064","tid":"00064","ts":34072667164}
,{"cat":"completion","name":"scala/annotation","ph":"B","pid":"50798-00064","tid":"00064","ts":34072667166}
,{"cat":"completion","name":"scala/annotation","ph":"E","pid":"50798-00064","tid":"00064","ts":34072667232}
,{"cat":"file","name":"","ph":"E","pid":"50798-00064","tid":"00064","ts":34072667233}
,{"cat":"completion","name":"↯","ph":"E","pid":"50798-00064","tid":"00064","ts":34072667244,"cname":"thread_state_sleeping"}
,{"cat":"completion","name":"scala/reflect/package$","ph":"E","pid":"50798-00064","tid":"00064","ts":34072667262}
,{"cat":"file","name":"package.class","ph":"E","pid":"50798-00064","tid":"00064","ts":34072667263}
,{"cat":"completion","name":"↯","ph":"E","pid":"50798-00064","tid":"00064","ts":34072667264,"cname":"thread_state_sleeping"}
,{"cat":"completion","name":"scala/reflect","ph":"E","pid":"50798-00064","tid":"00064","ts":34072667287}
,{"cat":"file","name":"","ph":"E","pid":"50798-00064","tid":"00064","ts":34072667287}
,{"cat":"completion","name":"↯","ph":"E","pid":"50798-00064","tid":"00064","ts":34072667288,"cname":"thread_state_sleeping"}
,{"cat":"completion","name":"scala/package$","ph":"E","pid":"50798-00064","tid":"00064","ts":34072667401}
,{"cat":"file","name":"package.class","ph":"E","pid":"50798-00064","tid":"00064","ts":34072667402}
,{"cat":"completion","name":"↯","ph":"E","pid":"50798-00064","tid":"00064","ts":34072667403,"cname":"thread_state_sleeping"}
,{"cat":"completion","name":"scala","ph":"E","pid":"50798-00064","tid":"00064","ts":34072667428}
,{"cat":"file","name":"","ph":"E","pid":"50798-00064","tid":"00064","ts":34072667429}
,{"cat":"completion","name":"↯","ph":"E","pid":"50798-00064","tid":"00064","ts":34072667430,"cname":"thread_state_sleeping"}
,{"cat":"completion","name":"java/lang/Object","ph":"E","pid":"50798-00064","tid":"00064","ts":34072667462}
,{"cat":"file","name":"Object.class","ph":"E","pid":"50798-00064","tid":"00064","ts":34072667463}
,{"cat":"completion","name":"↯","ph":"E","pid":"50798-00064","tid":"00064","ts":34072667464,"cname":"thread_state_sleeping"}
,{"cat":"completion","name":"↯","ph":"B","pid":"50798-00064","tid":"00064","ts":34072667498,"cname":"thread_state_sleeping"}
,{"cat":"file","name":"","ph":"B","pid":"50798-00064","tid":"00064","ts":34072667499}
,{"cat":"completion","name":"scala/runtime","ph":"B","pid":"50798-00064","tid":"00064","ts":34072667501}
,{"cat":"completion","name":"scala/runtime","ph":"E","pid":"50798-00064","tid":"00064","ts":34072667830}
,{"cat":"file","name":"","ph":"E","pid":"50798-00064","tid":"00064","ts":34072667831}
,{"cat":"completion","name":"↯","ph":"E","pid":"50798-00064","tid":"00064","ts":34072667832,"cname":"thread_state_sleeping"}
,{"cat":"completion","name":"↯","ph":"B","pid":"50798-00064","tid":"00064","ts":34072667933,"cname":"thread_state_sleeping"}
,{"cat":"file","name":"","ph":"B","pid":"50798-00064","tid":"00064","ts":34072667934}
,{"cat":"completion","name":"scala/collection","ph":"B","pid":"50798-00064","tid":"00064","ts":34072667936}
,{"cat":"completion","name":"↯","ph":"B","pid":"50798-00064","tid":"00064","ts":34072668482,"cname":"thread_state_sleeping"}
,{"cat":"file","name":"package.class","ph":"B","pid":"50798-00064","tid":"00064","ts":34072668484}
,{"cat":"completion","name":"scala/collection/package$","ph":"B","pid":"50798-00064","tid":"00064","ts":34072668486}
,{"cat":"completion","name":"scala/collection/package$","ph":"E","pid":"50798-00064","tid":"00064","ts":34072668605}
,{"cat":"file","name":"package.class","ph":"E","pid":"50798-00064","tid":"00064","ts":34072668606}
,{"cat":"completion","name":"↯","ph":"E","pid":"50798-00064","tid":"00064","ts":34072668607,"cname":"thread_state_sleeping"}
,{"cat":"completion","name":"scala/collection","ph":"E","pid":"50798-00064","tid":"00064","ts":34072668623}
,{"cat":"file","name":"","ph":"E","pid":"50798-00064","tid":"00064","ts":34072668624}
,{"cat":"completion","name":"↯","ph":"E","pid":"50798-00064","tid":"00064","ts":34072668624,"cname":"thread_state_sleeping"}
,{"cat":"completion","name":"↯","ph":"B","pid":"50798-00064","tid":"00064","ts":34072668628,"cname":"thread_state_sleeping"}
,{"cat":"file","name":"","ph":"B","pid":"50798-00064","tid":"00064","ts":34072668629}
,{"cat":"completion","name":"scala/collection/immutable","ph":"B","pid":"50798-00064","tid":"00064","ts":34072668631}
,{"cat":"completion","name":"↯","ph":"B","pid":"50798-00064","tid":"00064","ts":34072669031,"cname":"thread_state_sleeping"}
,{"cat":"file","name":"package.class","ph":"B","pid":"50798-00064","tid":"00064","ts":34072669033}
,{"cat":"completion","name":"scala/collection/immutable/package$","ph":"B","pid":"50798-00064","tid":"00064","ts":34072669035}
,{"cat":"completion","name":"scala/collection/immutable/package$","ph":"E","pid":"50798-00064","tid":"00064","ts":34072669103}
,{"cat":"file","name":"package.class","ph":"E","pid":"50798-00064","tid":"00064","ts":34072669104}
,{"cat":"completion","name":"↯","ph":"E","pid":"50798-00064","tid":"00064","ts":34072669105,"cname":"thread_state_sleeping"}
,{"cat":"completion","name":"scala/collection/immutable","ph":"E","pid":"50798-00064","tid":"00064","ts":34072669115}
,{"cat":"file","name":"","ph":"E","pid":"50798-00064","tid":"00064","ts":34072669116}
,{"cat":"completion","name":"↯","ph":"E","pid":"50798-00064","tid":"00064","ts":34072669117,"cname":"thread_state_sleeping"}
,{"cat":"completion","name":"↯","ph":"B","pid":"50798-00064","tid":"00064","ts":34072669366,"cname":"thread_state_sleeping"}
,{"cat":"file","name":"String.class","ph":"B","pid":"50798-00064","tid":"00064","ts":34072669368}
,{"cat":"completion","name":"java/lang/String","ph":"B","pid":"50798-00064","tid":"00064","ts":34072669370}
,{"cat":"completion","name":"↯","ph":"B","pid":"50798-00064","tid":"00064","ts":34072669598,"cname":"thread_state_sleeping"}
,{"cat":"file","name":"","ph":"B","pid":"50798-00064","tid":"00064","ts":34072669600}
,{"cat":"completion","name":"java/io","ph":"B","pid":"50798-00064","tid":"00064","ts":34072669602}
,{"cat":"completion","name":"java/io","ph":"E","pid":"50798-00064","tid":"00064","ts":34072669817}
,{"cat":"file","name":"","ph":"E","pid":"50798-00064","tid":"00064","ts":34072669818}
,{"cat":"completion","name":"↯","ph":"E","pid":"50798-00064","tid":"00064","ts":34072669819,"cname":"thread_state_sleeping"}
,{"cat":"completion","name":"java/lang/String","ph":"E","pid":"50798-00064","tid":"00064","ts":34072669834}
,{"cat":"file","name":"String.class","ph":"E","pid":"50798-00064","tid":"00064","ts":34072669835}
,{"cat":"completion","name":"↯","ph":"E","pid":"50798-00064","tid":"00064","ts":34072669835,"cname":"thread_state_sleeping"}
,{"cat":"completion","name":"↯","ph":"B","pid":"50798-00064","tid":"00064","ts":34072669853,"cname":"thread_state_sleeping"}
,{"cat":"file","name":"Comparable.class","ph":"B","pid":"50798-00064","tid":"00064","ts":34072669854}
,{"cat":"completion","name":"java/lang/Comparable","ph":"B","pid":"50798-00064","tid":"00064","ts":34072669856}
,{"cat":"completion","name":"java/lang/Comparable","ph":"E","pid":"50798-00064","tid":"00064","ts":34072669895}
,{"cat":"file","name":"Comparable.class","ph":"E","pid":"50798-00064","tid":"00064","ts":34072669896}
,{"cat":"completion","name":"↯","ph":"E","pid":"50798-00064","tid":"00064","ts":34072669897,"cname":"thread_state_sleeping"}
,{"cat":"completion","name":"↯","ph":"B","pid":"50798-00064","tid":"00064","ts":34072669910,"cname":"thread_state_sleeping"}
,{"cat":"file","name":"Cloneable.class","ph":"B","pid":"50798-00064","tid":"00064","ts":34072669911}
,{"cat":"completion","name":"java/lang/Cloneable","ph":"B","pid":"50798-00064","tid":"00064","ts":34072669912}
,{"cat":"completion","name":"java/lang/Cloneable","ph":"E","pid":"50798-00064","tid":"00064","ts":34072669932}
,{"cat":"file","name":"Cloneable.class","ph":"E","pid":"50798-00064","tid":"00064","ts":34072669933}
,{"cat":"completion","name":"↯","ph":"E","pid":"50798-00064","tid":"00064","ts":34072669934,"cname":"thread_state_sleeping"}
,{"cat":"completion","name":"↯","ph":"B","pid":"50798-00064","tid":"00064","ts":34072669945,"cname":"thread_state_sleeping"}
,{"cat":"file","name":"Serializable.class","ph":"B","pid":"50798-00064","tid":"00064","ts":34072669946}
,{"cat":"completion","name":"java/io/Serializable","ph":"B","pid":"50798-00064","tid":"00064","ts":34072669947}
,{"cat":"completion","name":"java/io/Serializable","ph":"E","pid":"50798-00064","tid":"00064","ts":34072669964}
,{"cat":"file","name":"Serializable.class","ph":"E","pid":"50798-00064","tid":"00064","ts":34072669971}
,{"cat":"completion","name":"↯","ph":"E","pid":"50798-00064","tid":"00064","ts":34072669972,"cname":"thread_state_sleeping"}
,{"cat":"completion","name":"↯","ph":"B","pid":"50798-00064","tid":"00064","ts":34072673410,"cname":"thread_state_sleeping"}
,{"cat":"file","name":"Array.class","ph":"B","pid":"50798-00064","tid":"00064","ts":34072673412}
,{"cat":"completion","name":"scala/Array$","ph":"B","pid":"50798-00064","tid":"00064","ts":34072673416}
,{"cat":"completion","name":"scala/Array$","ph":"E","pid":"50798-00064","tid":"00064","ts":34072673760}
,{"cat":"file","name":"Array.class","ph":"E","pid":"50798-00064","tid":"00064","ts":34072673761}
,{"cat":"completion","name":"↯","ph":"E","pid":"50798-00064","tid":"00064","ts":34072673762,"cname":"thread_state_sleeping"}
,{"cat":"completion","name":"↯","ph":"B","pid":"50798-00064","tid":"00064","ts":34072673833,"cname":"thread_state_sleeping"}
,{"cat":"file","name":"Long.class","ph":"B","pid":"50798-00064","tid":"00064","ts":34072673835}
,{"cat":"completion","name":"scala/Long","ph":"B","pid":"50798-00064","tid":"00064","ts":34072673837}
,{"cat":"completion","name":"scala/Long","ph":"E","pid":"50798-00064","tid":"00064","ts":34072673997}
,{"cat":"file","name":"Long.class","ph":"E","pid":"50798-00064","tid":"00064","ts":34072673998}
,{"cat":"completion","name":"↯","ph":"E","pid":"50798-00064","tid":"00064","ts":34072673999,"cname":"thread_state_sleeping"}
,{"cat":"completion","name":"↯","ph":"B","pid":"50798-00064","tid":"00064","ts":34072674001,"cname":"thread_state_sleeping"}
,{"cat":"file","name":"Tuple2.class","ph":"B","pid":"50798-00064","tid":"00064","ts":34072674003}
,{"cat":"completion","name":"scala/Tuple2","ph":"B","pid":"50798-00064","tid":"00064","ts":34072674004}
,{"cat":"completion","name":"scala/Tuple2","ph":"E","pid":"50798-00064","tid":"00064","ts":34072674168}
,{"cat":"file","name":"Tuple2.class","ph":"E","pid":"50798-00064","tid":"00064","ts":34072674169}
,{"cat":"completion","name":"↯","ph":"E","pid":"50798-00064","tid":"00064","ts":34072674170,"cname":"thread_state_sleeping"}
,{"cat":"completion","name":"↯","ph":"B","pid":"50798-00064","tid":"00064","ts":34072674172,"cname":"thread_state_sleeping"}
,{"cat":"file","name":"Tuple18.class","ph":"B","pid":"50798-00064","tid":"00064","ts":34072674173}
,{"cat":"completion","name":"scala/Tuple18","ph":"B","pid":"50798-00064","tid":"00064","ts":34072674174}
,{"cat":"completion","name":"scala/Tuple18","ph":"E","pid":"50798-00064","tid":"00064","ts":34072674437}
,{"cat":"file","name":"Tuple18.class","ph":"E","pid":"50798-00064","tid":"00064","ts":34072674438}
,{"cat":"completion","name":"↯","ph":"E","pid":"50798-00064","tid":"00064","ts":34072674439,"cname":"thread_state_sleeping"}
,{"cat":"completion","name":"↯","ph":"B","pid":"50798-00064","tid":"00064","ts":34072674441,"cname":"thread_state_sleeping"}
,{"cat":"file","name":"Tuple19.class","ph":"B","pid":"50798-00064","tid":"00064","ts":34072674442}
,{"cat":"completion","name":"scala/Tuple19","ph":"B","pid":"50798-00064","tid":"00064","ts":34072674443}
,{"cat":"completion","name":"scala/Tuple19","ph":"E","pid":"50798-00064","tid":"00064","ts":34072674712}
,{"cat":"file","name":"Tuple19.class","ph":"E","pid":"50798-00064","tid":"00064","ts":34072674713}
,{"cat":"completion","name":"↯","ph":"E","pid":"50798-00064","tid":"00064","ts":34072674714,"cname":"thread_state_sleeping"}
,{"cat":"completion","name":"↯","ph":"B","pid":"50798-00064","tid":"00064","ts":34072674715,"cname":"thread_state_sleeping"}
,{"cat":"file","name":"Double.class","ph":"B","pid":"50798-00064","tid":"00064","ts":34072674717}
,{"cat":"completion","name":"scala/Double","ph":"B","pid":"50798-00064","tid":"00064","ts":34072674718}
,{"cat":"completion","name":"scala/Double","ph":"E","pid":"50798-00064","tid":"00064","ts":34072674844}
,{"cat":"file","name":"Double.class","ph":"E","pid":"50798-00064","tid":"00064","ts":34072674845}
,{"cat":"completion","name":"↯","ph":"E","pid":"50798-00064","tid":"00064","ts":34072674846,"cname":"thread_state_sleeping"}
,{"cat":"completion","name":"↯","ph":"B","pid":"50798-00064","tid":"00064","ts":34072674856,"cname":"thread_state_sleeping"}
,{"cat":"file","name":"Int.class","ph":"B","pid":"50798-00064","tid":"00064","ts":34072674857}
,{"cat":"completion","name":"scala/Int","ph":"B","pid":"50798-00064","tid":"00064","ts":34072674859}
,{"cat":"completion","name":"scala/Int","ph":"E","pid":"50798-00064","tid":"00064","ts":34072675006}
,{"cat":"file","name":"Int.class","ph":"E","pid":"50798-00064","tid":"00064","ts":34072675007}
,{"cat":"completion","name":"↯","ph":"E","pid":"50798-00064","tid":"00064","ts":34072675008,"cname":"thread_state_sleeping"}
,{"cat":"completion","name":"↯","ph":"B","pid":"50798-00064","tid":"00064","ts":34072675015,"cname":"thread_state_sleeping"}
,{"cat":"file","name":"Tuple21.class","ph":"B","pid":"50798-00064","tid":"00064","ts":34072675016}
,{"cat":"completion","name":"scala/Tuple21","ph":"B","pid":"50798-00064","tid":"00064","ts":34072675017}
,{"cat":"completion","name":"scala/Tuple21","ph":"E","pid":"50798-00064","tid":"00064","ts":34072675325}
,{"cat":"file","name":"Tuple21.class","ph":"E","pid":"50798-00064","tid":"00064","ts":34072675326}
,{"cat":"completion","name":"↯","ph":"E","pid":"50798-00064","tid":"00064","ts":34072675327,"cname":"thread_state_sleeping"}
,{"cat":"completion","name":"↯","ph":"B","pid":"50798-00064","tid":"00064","ts":34072675334,"cname":"thread_state_sleeping"}
,{"cat":"file","name":"Tuple6.class","ph":"B","pid":"50798-00064","tid":"00064","ts":34072675336}
,{"cat":"completion","name":"scala/Tuple6","ph":"B","pid":"50798-00064","tid":"00064","ts":34072675337}
,{"cat":"completion","name":"scala/Tuple6","ph":"E","pid":"50798-00064","tid":"00064","ts":34072675465}
,{"cat":"file","name":"Tuple6.class","ph":"E","pid":"50798-00064","tid":"00064","ts":34072675466}
,{"cat":"completion","name":"↯","ph":"E","pid":"50798-00064","tid":"00064","ts":34072675467,"cname":"thread_state_sleeping"}
,{"cat":"completion","name":"↯","ph":"B","pid":"50798-00064","tid":"00064","ts":34072675472,"cname":"thread_state_sleeping"}
,{"cat":"file","name":"Tuple14.class","ph":"B","pid":"50798-00064","tid":"00064","ts":34072675474}
,{"cat":"completion","name":"scala/Tuple14","ph":"B","pid":"50798-00064","tid":"00064","ts":34072675475}
,{"cat":"completion","name":"scala/Tuple14","ph":"E","pid":"50798-00064","tid":"00064","ts":34072675679}
,{"cat":"file","name":"Tuple14.class","ph":"E","pid":"50798-00064","tid":"00064","ts":34072675680}
,{"cat":"completion","name":"↯","ph":"E","pid":"50798-00064","tid":"00064","ts":34072675681,"cname":"thread_state_sleeping"}
,{"cat":"completion","name":"↯","ph":"B","pid":"50798-00064","tid":"00064","ts":34072675683,"cname":"thread_state_sleeping"}
,{"cat":"file","name":"Predef.class","ph":"B","pid":"50798-00064","tid":"00064","ts":34072675684}
,{"cat":"completion","name":"scala/Predef$","ph":"B","pid":"50798-00064","tid":"00064","ts":34072675686}
,{"cat":"completion","name":"↯","ph":"B","pid":"50798-00064","tid":"00064","ts":34072675984,"cname":"thread_state_sleeping"}
,{"cat":"file","name":"deprecatedName.class","ph":"B","pid":"50798-00064","tid":"00064","ts":34072675986}
,{"cat":"completion","name":"scala/deprecatedName$","ph":"B","pid":"50798-00064","tid":"00064","ts":34072675987}
,{"cat":"completion","name":"↯","ph":"B","pid":"50798-00064","tid":"00064","ts":34072675989,"cname":"thread_state_sleeping"}
,{"cat":"file","name":"deprecatedName.class","ph":"B","pid":"50798-00064","tid":"00064","ts":34072675990}
,{"cat":"completion","name":"scala/deprecatedName$","ph":"B","pid":"50798-00064","tid":"00064","ts":34072675991}
,{"cat":"completion","name":"↯","ph":"B","pid":"50798-00064","tid":"00064","ts":34072676052,"cname":"thread_state_sleeping"}
,{"cat":"file","name":"","ph":"B","pid":"50798-00064","tid":"00064","ts":34072676053}
,{"cat":"completion","name":"scala/annotation/meta","ph":"B","pid":"50798-00064","tid":"00064","ts":34072676055}
,{"cat":"completion","name":"↯","ph":"B","pid":"50798-00064","tid":"00064","ts":34072676123,"cname":"thread_state_sleeping"}
,{"cat":"file","name":"package.class","ph":"B","pid":"50798-00064","tid":"00064","ts":34072676131}
,{"cat":"completion","name":"scala/annotation/meta/package$","ph":"B","pid":"50798-00064","tid":"00064","ts":34072676133}
,{"cat":"completion","name":"scala/annotation/meta/package$","ph":"E","pid":"50798-00064","tid":"00064","ts":34072676175}
,{"cat":"file","name":"package.class","ph":"E","pid":"50798-00064","tid":"00064","ts":34072676176}
,{"cat":"completion","name":"↯","ph":"E","pid":"50798-00064","tid":"00064","ts":34072676177,"cname":"thread_state_sleeping"}
,{"cat":"completion","name":"scala/annotation/meta","ph":"E","pid":"50798-00064","tid":"00064","ts":34072676191}
,{"cat":"file","name":"","ph":"E","pid":"50798-00064","tid":"00064","ts":34072676192}
,{"cat":"completion","name":"↯","ph":"E","pid":"50798-00064","tid":"00064","ts":34072676193,"cname":"thread_state_sleeping"}
,{"cat":"completion","name":"scala/deprecatedName$","ph":"E","pid":"50798-00064","tid":"00064","ts":34072676203}
,{"cat":"file","name":"deprecatedName.class","ph":"E","pid":"50798-00064","tid":"00064","ts":34072676203}
,{"cat":"completion","name":"↯","ph":"E","pid":"50798-00064","tid":"00064","ts":34072676204,"cname":"thread_state_sleeping"}
,{"cat":"completion","name":"scala/deprecatedName$","ph":"E","pid":"50798-00064","tid":"00064","ts":34072676207}
,{"cat":"file","name":"deprecatedName.class","ph":"E","pid":"50798-00064","tid":"00064","ts":34072676208}
,{"cat":"completion","name":"↯","ph":"E","pid":"50798-00064","tid":"00064","ts":34072676209,"cname":"thread_state_sleeping"}
,{"cat":"completion","name":"scala/Predef$","ph":"E","pid":"50798-00064","tid":"00064","ts":34072676246}
,{"cat":"file","name":"Predef.class","ph":"E","pid":"50798-00064","tid":"00064","ts":34072676247}
,{"cat":"completion","name":"↯","ph":"E","pid":"50798-00064","tid":"00064","ts":34072676247,"cname":"thread_state_sleeping"}
,{"cat":"completion","name":"↯","ph":"B","pid":"50798-00064","tid":"00064","ts":34072676249,"cname":"thread_state_sleeping"}
,{"cat":"file","name":"Tuple11.class","ph":"B","pid":"50798-00064","tid":"00064","ts":34072676251}
,{"cat":"completion","name":"scala/Tuple11","ph":"B","pid":"50798-00064","tid":"00064","ts":34072676252}
,{"cat":"completion","name":"scala/Tuple11","ph":"E","pid":"50798-00064","tid":"00064","ts":34072676431}
,{"cat":"file","name":"Tuple11.class","ph":"E","pid":"50798-00064","tid":"00064","ts":34072676432}
,{"cat":"completion","name":"↯","ph":"E","pid":"50798-00064","tid":"00064","ts":34072676432,"cname":"thread_state_sleeping"}
,{"cat":"completion","name":"↯","ph":"B","pid":"50798-00064","tid":"00064","ts":34072676435,"cname":"thread_state_sleeping"}
,{"cat":"file","name":"Float.class","ph":"B","pid":"50798-00064","tid":"00064","ts":34072676436}
,{"cat":"completion","name":"scala/Float","ph":"B","pid":"50798-00064","tid":"00064","ts":34072676438}
,{"cat":"completion","name":"scala/Float","ph":"E","pid":"50798-00064","tid":"00064","ts":34072676564}
,{"cat":"file","name":"Float.class","ph":"E","pid":"50798-00064","tid":"00064","ts":34072676565}
,{"cat":"completion","name":"↯","ph":"E","pid":"50798-00064","tid":"00064","ts":34072676566,"cname":"thread_state_sleeping"}
,{"cat":"completion","name":"↯","ph":"B","pid":"50798-00064","tid":"00064","ts":34072676567,"cname":"thread_state_sleeping"}
,{"cat":"file","name":"Tuple7.class","ph":"B","pid":"50798-00064","tid":"00064","ts":34072676568}
,{"cat":"completion","name":"scala/Tuple7","ph":"B","pid":"50798-00064","tid":"00064","ts":34072676570}
,{"cat":"completion","name":"scala/Tuple7","ph":"E","pid":"50798-00064","tid":"00064","ts":34072676705}
,{"cat":"file","name":"Tuple7.class","ph":"E","pid":"50798-00064","tid":"00064","ts":34072676706}
,{"cat":"completion","name":"↯","ph":"E","pid":"50798-00064","tid":"00064","ts":34072676707,"cname":"thread_state_sleeping"}
,{"cat":"completion","name":"↯","ph":"B","pid":"50798-00064","tid":"00064","ts":34072676708,"cname":"thread_state_sleeping"}
,{"cat":"file","name":"Byte.class","ph":"B","pid":"50798-00064","tid":"00064","ts":34072676709}
,{"cat":"completion","name":"scala/Byte","ph":"B","pid":"50798-00064","tid":"00064","ts":34072676716}
,{"cat":"completion","name":"scala/Byte","ph":"E","pid":"50798-00064","tid":"00064","ts":34072676862}
,{"cat":"file","name":"Byte.class","ph":"E","pid":"50798-00064","tid":"00064","ts":34072676863}
,{"cat":"completion","name":"↯","ph":"E","pid":"50798-00064","tid":"00064","ts":34072676864,"cname":"thread_state_sleeping"}
,{"cat":"completion","name":"↯","ph":"B","pid":"50798-00064","tid":"00064","ts":34072676870,"cname":"thread_state_sleeping"}
,{"cat":"file","name":"Tuple3.class","ph":"B","pid":"50798-00064","tid":"00064","ts":34072676871}
,{"cat":"completion","name":"scala/Tuple3","ph":"B","pid":"50798-00064","tid":"00064","ts":34072676872}
,{"cat":"completion","name":"scala/Tuple3","ph":"E","pid":"50798-00064","tid":"00064","ts":34072676975}
,{"cat":"file","name":"Tuple3.class","ph":"E","pid":"50798-00064","tid":"00064","ts":34072676976}
,{"cat":"completion","name":"↯","ph":"E","pid":"50798-00064","tid":"00064","ts":34072676976,"cname":"thread_state_sleeping"}
,{"cat":"completion","name":"↯","ph":"B","pid":"50798-00064","tid":"00064","ts":34072676979,"cname":"thread_state_sleeping"}
,{"cat":"file","name":"List.class","ph":"B","pid":"50798-00064","tid":"00064","ts":34072676980}
,{"cat":"completion","name":"scala/collection/immutable/List","ph":"B","pid":"50798-00064","tid":"00064","ts":34072676981}
,{"cat":"completion","name":"↯","ph":"B","pid":"50798-00064","tid":"00064","ts":34072677373,"cname":"thread_state_sleeping"}
,{"cat":"file","name":"","ph":"B","pid":"50798-00064","tid":"00064","ts":34072677375}
,{"cat":"completion","name":"scala/collection/generic","ph":"B","pid":"50798-00064","tid":"00064","ts":34072677377}
,{"cat":"completion","name":"↯","ph":"B","pid":"50798-00064","tid":"00064","ts":34072677464,"cname":"thread_state_sleeping"}
,{"cat":"file","name":"package.class","ph":"B","pid":"50798-00064","tid":"00064","ts":34072677466}
,{"cat":"completion","name":"scala/collection/generic/package$","ph":"B","pid":"50798-00064","tid":"00064","ts":34072677468}
,{"cat":"completion","name":"scala/collection/generic/package$","ph":"E","pid":"50798-00064","tid":"00064","ts":34072677536}
,{"cat":"file","name":"package.class","ph":"E","pid":"50798-00064","tid":"00064","ts":34072677537}
,{"cat":"completion","name":"↯","ph":"E","pid":"50798-00064","tid":"00064","ts":34072677538,"cname":"thread_state_sleeping"}
,{"cat":"completion","name":"scala/collection/generic","ph":"E","pid":"50798-00064","tid":"00064","ts":34072677550}
,{"cat":"file","name":"","ph":"E","pid":"50798-00064","tid":"00064","ts":34072677551}
,{"cat":"completion","name":"↯","ph":"E","pid":"50798-00064","tid":"00064","ts":34072677552,"cname":"thread_state_sleeping"}
,{"cat":"completion","name":"scala/collection/immutable/List","ph":"E","pid":"50798-00064","tid":"00064","ts":34072677556}
,{"cat":"file","name":"List.class","ph":"E","pid":"50798-00064","tid":"00064","ts":34072677556}
,{"cat":"completion","name":"↯","ph":"E","pid":"50798-00064","tid":"00064","ts":34072677557,"cname":"thread_state_sleeping"}
,{"cat":"completion","name":"↯","ph":"B","pid":"50798-00064","tid":"00064","ts":34072677559,"cname":"thread_state_sleeping"}
,{"cat":"file","name":"Tuple15.class","ph":"B","pid":"50798-00064","tid":"00064","ts":34072677560}
,{"cat":"completion","name":"scala/Tuple15","ph":"B","pid":"50798-00064","tid":"00064","ts":34072677562}
,{"cat":"completion","name":"scala/Tuple15","ph":"E","pid":"50798-00064","tid":"00064","ts":34072677783}
,{"cat":"file","name":"Tuple15.class","ph":"E","pid":"50798-00064","tid":"00064","ts":34072677784}
,{"cat":"completion","name":"↯","ph":"E","pid":"50798-00064","tid":"00064","ts":34072677785,"cname":"thread_state_sleeping"}
,{"cat":"completion","name":"↯","ph":"B","pid":"50798-00064","tid":"00064","ts":34072677790,"cname":"thread_state_sleeping"}
,{"cat":"file","name":"Tuple12.class","ph":"B","pid":"50798-00064","tid":"00064","ts":34072677792}
,{"cat":"completion","name":"scala/Tuple12","ph":"B","pid":"50798-00064","tid":"00064","ts":34072677793}
,{"cat":"completion","name":"scala/Tuple12","ph":"E","pid":"50798-00064","tid":"00064","ts":34072677984}
,{"cat":"file","name":"Tuple12.class","ph":"E","pid":"50798-00064","tid":"00064","ts":34072677986}
,{"cat":"completion","name":"↯","ph":"E","pid":"50798-00064","tid":"00064","ts":34072677986,"cname":"thread_state_sleeping"}
,{"cat":"completion","name":"↯","ph":"B","pid":"50798-00064","tid":"00064","ts":34072677988,"cname":"thread_state_sleeping"}
,{"cat":"file","name":"Tuple8.class","ph":"B","pid":"50798-00064","tid":"00064","ts":34072677989}
,{"cat":"completion","name":"scala/Tuple8","ph":"B","pid":"50798-00064","tid":"00064","ts":34072677991}
,{"cat":"completion","name":"scala/Tuple8","ph":"E","pid":"50798-00064","tid":"00064","ts":34072678133}
,{"cat":"file","name":"Tuple8.class","ph":"E","pid":"50798-00064","tid":"00064","ts":34072678134}
,{"cat":"completion","name":"↯","ph":"E","pid":"50798-00064","tid":"00064","ts":34072678134,"cname":"thread_state_sleeping"}
,{"cat":"completion","name":"↯","ph":"B","pid":"50798-00064","tid":"00064","ts":34072678140,"cname":"thread_state_sleeping"}
,{"cat":"file","name":"Tuple20.class","ph":"B","pid":"50798-00064","tid":"00064","ts":34072678141}
,{"cat":"completion","name":"scala/Tuple20","ph":"B","pid":"50798-00064","tid":"00064","ts":34072678142}
,{"cat":"completion","name":"scala/Tuple20","ph":"E","pid":"50798-00064","tid":"00064","ts":34072678426}
,{"cat":"file","name":"Tuple20.class","ph":"E","pid":"50798-00064","tid":"00064","ts":34072678427}
,{"cat":"completion","name":"↯","ph":"E","pid":"50798-00064","tid":"00064","ts":34072678428,"cname":"thread_state_sleeping"}
,{"cat":"completion","name":"↯","ph":"B","pid":"50798-00064","tid":"00064","ts":34072678429,"cname":"thread_state_sleeping"}
,{"cat":"file","name":"Tuple9.class","ph":"B","pid":"50798-00064","tid":"00064","ts":34072678431}
,{"cat":"completion","name":"scala/Tuple9","ph":"B","pid":"50798-00064","tid":"00064","ts":34072678432}
,{"cat":"completion","name":"scala/Tuple9","ph":"E","pid":"50798-00064","tid":"00064","ts":34072678583}
,{"cat":"file","name":"Tuple9.class","ph":"E","pid":"50798-00064","tid":"00064","ts":34072678584}
,{"cat":"completion","name":"↯","ph":"E","pid":"50798-00064","tid":"00064","ts":34072678585,"cname":"thread_state_sleeping"}
,{"cat":"completion","name":"↯","ph":"B","pid":"50798-00064","tid":"00064","ts":34072678586,"cname":"thread_state_sleeping"}
,{"cat":"file","name":"Tuple17.class","ph":"B","pid":"50798-00064","tid":"00064","ts":34072678588}
,{"cat":"completion","name":"scala/Tuple17","ph":"B","pid":"50798-00064","tid":"00064","ts":34072678589}
,{"cat":"completion","name":"scala/Tuple17","ph":"E","pid":"50798-00064","tid":"00064","ts":34072678831}
,{"cat":"file","name":"Tuple17.class","ph":"E","pid":"50798-00064","tid":"00064","ts":34072678832}
,{"cat":"completion","name":"↯","ph":"E","pid":"50798-00064","tid":"00064","ts":34072678833,"cname":"thread_state_sleeping"}
,{"cat":"completion","name":"↯","ph":"B","pid":"50798-00064","tid":"00064","ts":34072678835,"cname":"thread_state_sleeping"}
,{"cat":"file","name":"Tuple1.class","ph":"B","pid":"50798-00064","tid":"00064","ts":34072678837}
,{"cat":"completion","name":"scala/Tuple1","ph":"B","pid":"50798-00064","tid":"00064","ts":34072678838}
,{"cat":"completion","name":"scala/Tuple1","ph":"E","pid":"50798-00064","tid":"00064","ts":34072678942}
,{"cat":"file","name":"Tuple1.class","ph":"E","pid":"50798-00064","tid":"00064","ts":34072678943}
,{"cat":"completion","name":"↯","ph":"E","pid":"50798-00064","tid":"00064","ts":34072678944,"cname":"thread_state_sleeping"}
,{"cat":"completion","name":"↯","ph":"B","pid":"50798-00064","tid":"00064","ts":34072678945,"cname":"thread_state_sleeping"}
,{"cat":"file","name":"Short.class","ph":"B","pid":"50798-00064","tid":"00064","ts":34072678946}
,{"cat":"completion","name":"scala/Short","ph":"B","pid":"50798-0006